2025-11-08 14:31:09 - INFO - === Starting sync for project: Blue River Monitoring === 
2025-11-08 14:31:09 - INFO - Pulling latest changes from GitHub... 
2025-11-08 14:31:09 - WARN - Pull failed: Failed to fetch upstream branch: C:\Users\ECI_LLC\Desktop\Live Data\projects\BlueRiver\repo/main 
2025-11-08 14:31:09 - INFO - File updated: IFA_Wyandotte_Lake_Wyandotte_15_min.dat 
2025-11-08 14:31:09 - INFO - File updated: IFA_Rothrocks_Rothrocks_15_min.dat 
2025-11-08 14:31:09 - INFO - Updated project metadata 
2025-11-08 14:31:09 - ERROR - Error in commit/push: failed to parse signature - malformed e-mail 
2025-11-08 14:31:09 - WARN - === Sync completed but push failed === 
2025-11-08 14:33:19 - INFO - === Starting sync for project: Blue River Monitoring === 
2025-11-08 14:33:19 - INFO - Pulling latest changes from GitHub... 
2025-11-08 14:33:19 - WARN - Pull failed: Failed to fetch upstream branch: C:\Users\ECI_LLC\Desktop\Live Data\projects\BlueRiver\repo/main 
2025-11-08 14:33:19 - INFO - === No changes detected === 
2025-11-08 14:35:09 - INFO - === Starting sync for project: Blue River Monitoring === 
2025-11-08 14:35:09 - INFO - Pulling latest changes from GitHub... 
2025-11-08 14:35:09 - WARN - Pull failed: Failed to fetch upstream branch: C:\Users\ECI_LLC\Desktop\Live Data\projects\BlueRiver\repo/main 
2025-11-08 14:35:09 - INFO - === No changes detected === 
2025-11-08 14:38:27 - INFO - === Starting sync for project: Blue River Monitoring === 
2025-11-08 14:38:27 - INFO - Pulling latest changes from GitHub... 
2025-11-08 14:38:27 - WARN - Pull failed: Failed to fetch upstream branch: C:\Users\ECI_LLC\Desktop\Live Data\projects\BlueRiver\repo/main 
2025-11-08 14:38:27 - INFO - === No changes detected === 
2025-11-08 14:39:31 - INFO - === Starting sync for project: Blue River Monitoring === 
2025-11-08 14:39:31 - INFO - Pulling latest changes from GitHub... 
2025-11-08 14:39:31 - WARN - Pull failed: Failed to fetch upstream branch: C:\Users\ECI_LLC\Desktop\Live Data\projects\BlueRiver\repo/main 
2025-11-08 14:39:31 - INFO - === No changes detected === 
